# JRE version: Java(TM) SE Runtime Environment (8.0_271-b09) (build 1.8.0_271-b09)
# Java VM: Java HotSpot(TM) 64-Bit Server VM (25.271-b09 mixed mode windows-amd64 compressed oops)
Heap:
 PSYoungGen      total 45056K, used 42592K [0x00000000d5580000, 0x00000000d8f00000, 0x0000000100000000)
  eden space 39424K, 100% used [0x00000000d5580000,0x00000000d7c00000,0x00000000d7c00000)
  from space 5632K, 56% used [0x00000000d7c00000,0x00000000d7f18030,0x00000000d8180000)
  to   space 5632K, 73% used [0x00000000d8980000,0x00000000d8d90000,0x00000000d8f00000)
 ParOldGen       total 41984K, used 21172K [0x0000000080000000, 0x0000000082900000, 0x00000000d5580000)
  object space 41984K, 50% used [0x0000000080000000,0x00000000814ad248,0x0000000082900000)
 Metaspace       used 41905K, capacity 43942K, committed 44288K, reserved 1087488K
  class space    used 5892K, capacity 6273K, committed 6400K, reserved 1048576K
GC Heap History (10 events):
Event: 73.841 GC heap after
Heap after GC invocations=19 (full 1):
 PSYoungGen      total 37376K, used 3582K [0x00000000d5580000, 0x00000000d8100000, 0x0000000100000000)
  eden space 32256K, 0% used [0x00000000d5580000,0x00000000d5580000,0x00000000d7500000)
  from space 5120K, 69% used [0x00000000d7c00000,0x00000000d7f7f9d0,0x00000000d8100000)
  to   space 6144K, 0% used [0x00000000d7500000,0x00000000d7500000,0x00000000d7b00000)
 ParOldGen       total 26112K, used 14869K [0x0000000080000000, 0x0000000081980000, 0x00000000d5580000)
  object space 26112K, 56% used [0x0000000080000000,0x0000000080e85430,0x0000000081980000)
 Metaspace       used 34153K, capacity 35342K, committed 35496K, reserved 1079296K
  class space    used 4722K, capacity 5013K, committed 5120K, reserved 1048576K
}
Event: 73.841 GC heap before
{Heap before GC invocations=20 (full 2):
 PSYoungGen      total 37376K, used 3582K [0x00000000d5580000, 0x00000000d8100000, 0x0000000100000000)
  eden space 32256K, 0% used [0x00000000d5580000,0x00000000d5580000,0x00000000d7500000)
  from space 5120K, 69% used [0x00000000d7c00000,0x00000000d7f7f9d0,0x00000000d8100000)
  to   space 6144K, 0% used [0x00000000d7500000,0x00000000d7500000,0x00000000d7b00000)
 ParOldGen       total 26112K, used 14869K [0x0000000080000000, 0x0000000081980000, 0x00000000d5580000)
  object space 26112K, 56% used [0x0000000080000000,0x0000000080e85430,0x0000000081980000)
 Metaspace       used 34153K, capacity 35342K, committed 35496K, reserved 1079296K
  class space    used 4722K, capacity 5013K, committed 5120K, reserved 1048576K
Event: 73.972 GC heap after
Heap after GC invocations=20 (full 2):
 PSYoungGen      total 37376K, used 0K [0x00000000d5580000, 0x00000000d8100000, 0x0000000100000000)
  eden space 32256K, 0% used [0x00000000d5580000,0x00000000d5580000,0x00000000d7500000)
  from space 5120K, 0% used [0x00000000d7c00000,0x00000000d7c00000,0x00000000d8100000)
  to   space 6144K, 0% used [0x00000000d7500000,0x00000000d7500000,0x00000000d7b00000)
 ParOldGen       total 41984K, used 16146K [0x0000000080000000, 0x0000000082900000, 0x00000000d5580000)
  object space 41984K, 38% used [0x0000000080000000,0x0000000080fc4b28,0x0000000082900000)
 Metaspace       used 34153K, capacity 35342K, committed 35496K, reserved 1079296K
  class space    used 4722K, capacity 5013K, committed 5120K, reserved 1048576K
}
Event: 77.123 GC heap before
{Heap before GC invocations=21 (full 2):
 PSYoungGen      total 37376K, used 32256K [0x00000000d5580000, 0x00000000d8100000, 0x0000000100000000)
  eden space 32256K, 100% used [0x00000000d5580000,0x00000000d7500000,0x00000000d7500000)
  from space 5120K, 0% used [0x00000000d7c00000,0x00000000d7c00000,0x00000000d8100000)
  to   space 6144K, 0% used [0x00000000d7500000,0x00000000d7500000,0x00000000d7b00000)
 ParOldGen       total 41984K, used 16146K [0x0000000080000000, 0x0000000082900000, 0x00000000d5580000)
  object space 41984K, 38% used [0x0000000080000000,0x0000000080fc4b28,0x0000000082900000)
 Metaspace       used 35990K, capacity 37286K, committed 37376K, reserved 1081344K
  class space    used 4999K, capacity 5288K, committed 5376K, reserved 1048576K
Event: 77.127 GC heap after
Heap after GC invocations=21 (full 2):
 PSYoungGen      total 38400K, used 3406K [0x00000000d5580000, 0x00000000d8780000, 0x0000000100000000)
  eden space 32256K, 0% used [0x00000000d5580000,0x00000000d5580000,0x00000000d7500000)
  from space 6144K, 55% used [0x00000000d7500000,0x00000000d7853910,0x00000000d7b00000)
  to   space 5632K, 0% used [0x00000000d8200000,0x00000000d8200000,0x00000000d8780000)
 ParOldGen       total 41984K, used 16154K [0x0000000080000000, 0x0000000082900000, 0x00000000d5580000)
  object space 41984K, 38% used [0x0000000080000000,0x0000000080fc6b28,0x0000000082900000)
 Metaspace       used 35990K, capacity 37286K, committed 37376K, reserved 1081344K
  class space    used 4999K, capacity 5288K, committed 5376K, reserved 1048576K
}
Event: 81.122 GC heap before
{Heap before GC invocations=22 (full 2):
 PSYoungGen      total 38400K, used 35662K [0x00000000d5580000, 0x00000000d8780000, 0x0000000100000000)
  eden space 32256K, 100% used [0x00000000d5580000,0x00000000d7500000,0x00000000d7500000)
  from space 6144K, 55% used [0x00000000d7500000,0x00000000d7853910,0x00000000d7b00000)
  to   space 5632K, 0% used [0x00000000d8200000,0x00000000d8200000,0x00000000d8780000)
 ParOldGen       total 41984K, used 16154K [0x0000000080000000, 0x0000000082900000, 0x00000000d5580000)
  object space 41984K, 38% used [0x0000000080000000,0x0000000080fc6b28,0x0000000082900000)
 Metaspace       used 37118K, capacity 38568K, committed 38912K, reserved 1083392K
  class space    used 5206K, capacity 5505K, committed 5632K, reserved 1048576K
Event: 81.136 GC heap after
Heap after GC invocations=22 (full 2):
 PSYoungGen      total 44544K, used 3006K [0x00000000d5580000, 0x00000000d8700000, 0x0000000100000000)
  eden space 39424K, 0% used [0x00000000d5580000,0x00000000d5580000,0x00000000d7c00000)
  from space 5120K, 58% used [0x00000000d8200000,0x00000000d84ef958,0x00000000d8700000)
  to   space 5632K, 0% used [0x00000000d7c00000,0x00000000d7c00000,0x00000000d8180000)
 ParOldGen       total 41984K, used 17954K [0x0000000080000000, 0x0000000082900000, 0x00000000d5580000)
  object space 41984K, 42% used [0x0000000080000000,0x0000000081188b28,0x0000000082900000)
 Metaspace       used 37118K, capacity 38568K, committed 38912K, reserved 1083392K
  class space    used 5206K, capacity 5505K, committed 5632K, reserved 1048576K
}
Event: 82.953 GC heap before
{Heap before GC invocations=23 (full 2):
 PSYoungGen      total 44544K, used 42430K [0x00000000d5580000, 0x00000000d8700000, 0x0000000100000000)
  eden space 39424K, 100% used [0x00000000d5580000,0x00000000d7c00000,0x00000000d7c00000)
  from space 5120K, 58% used [0x00000000d8200000,0x00000000d84ef958,0x00000000d8700000)
  to   space 5632K, 0% used [0x00000000d7c00000,0x00000000d7c00000,0x00000000d8180000)
 ParOldGen       total 41984K, used 17954K [0x0000000080000000, 0x0000000082900000, 0x00000000d5580000)
  object space 41984K, 42% used [0x0000000080000000,0x0000000081188b28,0x0000000082900000)
 Metaspace       used 38910K, capacity 40674K, committed 40960K, reserved 1085440K
  class space    used 5480K, capacity 5807K, committed 5888K, reserved 1048576K
Event: 82.961 GC heap after
Heap after GC invocations=23 (full 2):
 PSYoungGen      total 45056K, used 3168K [0x00000000d5580000, 0x00000000d8f00000, 0x0000000100000000)
  eden space 39424K, 0% used [0x00000000d5580000,0x00000000d5580000,0x00000000d7c00000)
  from space 5632K, 56% used [0x00000000d7c00000,0x00000000d7f18030,0x00000000d8180000)
  to   space 5632K, 0% used [0x00000000d8980000,0x00000000d8980000,0x00000000d8f00000)
 ParOldGen       total 41984K, used 19890K [0x0000000080000000, 0x0000000082900000, 0x00000000d5580000)
  object space 41984K, 47% used [0x0000000080000000,0x000000008136c9d8,0x0000000082900000)
 Metaspace       used 38910K, capacity 40674K, committed 40960K, reserved 1085440K
  class space    used 5480K, capacity 5807K, committed 5888K, reserved 1048576K
}
Event: 91.130 GC heap before
{Heap before GC invocations=24 (full 2):
 PSYoungGen      total 45056K, used 42592K [0x00000000d5580000, 0x00000000d8f00000, 0x0000000100000000)
  eden space 39424K, 100% used [0x00000000d5580000,0x00000000d7c00000,0x00000000d7c00000)
  from space 5632K, 56% used [0x00000000d7c00000,0x00000000d7f18030,0x00000000d8180000)
  to   space 5632K, 0% used [0x00000000d8980000,0x00000000d8980000,0x00000000d8f00000)
 ParOldGen       total 41984K, used 19890K [0x0000000080000000, 0x0000000082900000, 0x00000000d5580000)
  object space 41984K, 47% used [0x0000000080000000,0x000000008136c9d8,0x0000000082900000)
 Metaspace       used 41905K, capacity 43942K, committed 44288K, reserved 1087488K
  class space    used 5892K, capacity 6273K, committed 6400K, reserved 1048576K

